08-19-2017 @ 02:03:02 - Weight and cubage of the order: Array
(
    [weight] => 0
    [height] => 2
    [width] => 11
    [length] => 16
)

08-19-2017 @ 02:03:02 - Requesting Correios WebServices: http://ws.correios.com.br/calculador/CalcPrecoPrazo.aspx?nCdServico=04510&nCdEmpresa&sDsSenha&sCepDestino=71692104&sCepOrigem=71692100&nVlAltura=2&nVlLargura=11&nVlDiametro=0&nVlComprimento=16&nVlPeso=0&nCdFormato=1&sCdMaoPropria=N&nVlValorDeclarado=34&sCdAvisoRecebimento=N&StrRetorno=xml
08-19-2017 @ 02:03:03 - Correios WebServices response: SimpleXMLElement Object
(
    [cServico] => SimpleXMLElement Object
        (
            [Codigo] => 04510
            [Valor] => 16,10
            [PrazoEntrega] => 5
            [ValorSemAdicionais] => 16,10
            [ValorMaoPropria] => 0,00
            [ValorAvisoRecebimento] => 0,00
            [ValorValorDeclarado] => 0,00
            [EntregaDomiciliar] => S
            [EntregaSabado] => N
            [Erro] => 0
            [MsgErro] => SimpleXMLElement Object
                (
                )

        )

)

08-19-2017 @ 02:03:06 - Weight and cubage of the order: Array
(
    [weight] => 0
    [height] => 2
    [width] => 11
    [length] => 16
)

08-19-2017 @ 02:03:06 - Requesting Correios WebServices: http://ws.correios.com.br/calculador/CalcPrecoPrazo.aspx?nCdServico=04510&nCdEmpresa&sDsSenha&sCepDestino=71692104&sCepOrigem=71692100&nVlAltura=2&nVlLargura=11&nVlDiametro=0&nVlComprimento=16&nVlPeso=0&nCdFormato=1&sCdMaoPropria=N&nVlValorDeclarado=34&sCdAvisoRecebimento=N&StrRetorno=xml
08-19-2017 @ 02:03:07 - Correios WebServices response: SimpleXMLElement Object
(
    [cServico] => SimpleXMLElement Object
        (
            [Codigo] => 04510
            [Valor] => 16,10
            [PrazoEntrega] => 5
            [ValorSemAdicionais] => 16,10
            [ValorMaoPropria] => 0,00
            [ValorAvisoRecebimento] => 0,00
            [ValorValorDeclarado] => 0,00
            [EntregaDomiciliar] => S
            [EntregaSabado] => N
            [Erro] => 0
            [MsgErro] => SimpleXMLElement Object
                (
                )

        )

)

08-19-2017 @ 02:03:41 - Weight and cubage of the order: Array
(
    [weight] => 0
    [height] => 2
    [width] => 11
    [length] => 16
)

08-19-2017 @ 02:03:41 - Requesting Correios WebServices: http://ws.correios.com.br/calculador/CalcPrecoPrazo.aspx?nCdServico=04510&nCdEmpresa&sDsSenha&sCepDestino=71692104&sCepOrigem=71692100&nVlAltura=2&nVlLargura=11&nVlDiametro=0&nVlComprimento=16&nVlPeso=0&nCdFormato=1&sCdMaoPropria=N&nVlValorDeclarado=34&sCdAvisoRecebimento=N&StrRetorno=xml
08-19-2017 @ 02:03:43 - Correios WebServices response: SimpleXMLElement Object
(
    [cServico] => SimpleXMLElement Object
        (
            [Codigo] => 04510
            [Valor] => 16,10
            [PrazoEntrega] => 5
            [ValorSemAdicionais] => 16,10
            [ValorMaoPropria] => 0,00
            [ValorAvisoRecebimento] => 0,00
            [ValorValorDeclarado] => 0,00
            [EntregaDomiciliar] => S
            [EntregaSabado] => N
            [Erro] => 0
            [MsgErro] => SimpleXMLElement Object
                (
                )

        )

)

08-19-2017 @ 02:04:07 - Weight and cubage of the order: Array
(
    [weight] => 0
    [height] => 2
    [width] => 11
    [length] => 16
)

08-19-2017 @ 02:04:07 - Requesting Correios WebServices: http://ws.correios.com.br/calculador/CalcPrecoPrazo.aspx?nCdServico=04510&nCdEmpresa&sDsSenha&sCepDestino=71692104&sCepOrigem=71692100&nVlAltura=2&nVlLargura=11&nVlDiametro=0&nVlComprimento=16&nVlPeso=0&nCdFormato=1&sCdMaoPropria=N&nVlValorDeclarado=34&sCdAvisoRecebimento=N&StrRetorno=xml
08-19-2017 @ 02:04:07 - Correios WebServices response: SimpleXMLElement Object
(
    [cServico] => SimpleXMLElement Object
        (
            [Codigo] => 04510
            [Valor] => 16,10
            [PrazoEntrega] => 5
            [ValorSemAdicionais] => 16,10
            [ValorMaoPropria] => 0,00
            [ValorAvisoRecebimento] => 0,00
            [ValorValorDeclarado] => 0,00
            [EntregaDomiciliar] => S
            [EntregaSabado] => N
            [Erro] => 0
            [MsgErro] => SimpleXMLElement Object
                (
                )

        )

)

08-19-2017 @ 02:04:23 - Weight and cubage of the order: Array
(
    [weight] => 0
    [height] => 2
    [width] => 11
    [length] => 16
)

08-19-2017 @ 02:04:23 - Requesting Correios WebServices: http://ws.correios.com.br/calculador/CalcPrecoPrazo.aspx?nCdServico=04510&nCdEmpresa&sDsSenha&sCepDestino=71692104&sCepOrigem=71692100&nVlAltura=2&nVlLargura=11&nVlDiametro=0&nVlComprimento=16&nVlPeso=0&nCdFormato=1&sCdMaoPropria=N&nVlValorDeclarado=34&sCdAvisoRecebimento=N&StrRetorno=xml
08-19-2017 @ 02:04:26 - Correios WebServices response: SimpleXMLElement Object
(
    [cServico] => SimpleXMLElement Object
        (
            [Codigo] => 04510
            [Valor] => 16,10
            [PrazoEntrega] => 5
            [ValorSemAdicionais] => 16,10
            [ValorMaoPropria] => 0,00
            [ValorAvisoRecebimento] => 0,00
            [ValorValorDeclarado] => 0,00
            [EntregaDomiciliar] => S
            [EntregaSabado] => N
            [Erro] => 0
            [MsgErro] => SimpleXMLElement Object
                (
                )

        )

)

08-19-2017 @ 02:19:59 - Weight and cubage of the order: Array
(
    [weight] => 0
    [height] => 2
    [width] => 11
    [length] => 16
)

08-19-2017 @ 02:19:59 - Requesting Correios WebServices: http://ws.correios.com.br/calculador/CalcPrecoPrazo.aspx?nCdServico=04510&nCdEmpresa&sDsSenha&sCepDestino=71692100&sCepOrigem=71692100&nVlAltura=2&nVlLargura=11&nVlDiametro=0&nVlComprimento=16&nVlPeso=0&nCdFormato=1&sCdMaoPropria=N&nVlValorDeclarado=15&sCdAvisoRecebimento=N&StrRetorno=xml
08-19-2017 @ 02:19:59 - Correios WebServices response: SimpleXMLElement Object
(
    [cServico] => SimpleXMLElement Object
        (
            [Codigo] => 04510
            [Valor] => 0,00
            [PrazoEntrega] => 0
            [ValorSemAdicionais] => 0,00
            [ValorMaoPropria] => 0,00
            [ValorAvisoRecebimento] => 0,00
            [ValorValorDeclarado] => 0,00
            [EntregaDomiciliar] => SimpleXMLElement Object
                (
                )

            [EntregaSabado] => SimpleXMLElement Object
                (
                )

            [Erro] => -5
            [MsgErro] => O Valor Declarado nao deve ser menor que R$ 18,00.
        )

)

08-19-2017 @ 02:20:01 - Weight and cubage of the order: Array
(
    [weight] => 0
    [height] => 2
    [width] => 11
    [length] => 16
)

08-19-2017 @ 02:20:01 - Requesting Correios WebServices: http://ws.correios.com.br/calculador/CalcPrecoPrazo.aspx?nCdServico=04510&nCdEmpresa&sDsSenha&sCepDestino=71692100&sCepOrigem=71692100&nVlAltura=2&nVlLargura=11&nVlDiametro=0&nVlComprimento=16&nVlPeso=0&nCdFormato=1&sCdMaoPropria=N&nVlValorDeclarado=15&sCdAvisoRecebimento=N&StrRetorno=xml
08-19-2017 @ 02:20:02 - Correios WebServices response: SimpleXMLElement Object
(
    [cServico] => SimpleXMLElement Object
        (
            [Codigo] => 04510
            [Valor] => 0,00
            [PrazoEntrega] => 0
            [ValorSemAdicionais] => 0,00
            [ValorMaoPropria] => 0,00
            [ValorAvisoRecebimento] => 0,00
            [ValorValorDeclarado] => 0,00
            [EntregaDomiciliar] => SimpleXMLElement Object
                (
                )

            [EntregaSabado] => SimpleXMLElement Object
                (
                )

            [Erro] => -5
            [MsgErro] => O Valor Declarado nao deve ser menor que R$ 18,00.
        )

)

08-19-2017 @ 02:20:17 - Weight and cubage of the order: Array
(
    [weight] => 0
    [height] => 2
    [width] => 11
    [length] => 16
)

08-19-2017 @ 02:20:17 - Requesting Correios WebServices: http://ws.correios.com.br/calculador/CalcPrecoPrazo.aspx?nCdServico=04510&nCdEmpresa&sDsSenha&sCepDestino=71692100&sCepOrigem=71692100&nVlAltura=2&nVlLargura=11&nVlDiametro=0&nVlComprimento=16&nVlPeso=0&nCdFormato=1&sCdMaoPropria=N&nVlValorDeclarado=15&sCdAvisoRecebimento=N&StrRetorno=xml
08-19-2017 @ 02:20:18 - Correios WebServices response: SimpleXMLElement Object
(
    [cServico] => SimpleXMLElement Object
        (
            [Codigo] => 04510
            [Valor] => 0,00
            [PrazoEntrega] => 0
            [ValorSemAdicionais] => 0,00
            [ValorMaoPropria] => 0,00
            [ValorAvisoRecebimento] => 0,00
            [ValorValorDeclarado] => 0,00
            [EntregaDomiciliar] => SimpleXMLElement Object
                (
                )

            [EntregaSabado] => SimpleXMLElement Object
                (
                )

            [Erro] => -5
            [MsgErro] => O Valor Declarado nao deve ser menor que R$ 18,00.
        )

)

08-19-2017 @ 02:20:21 - Weight and cubage of the order: Array
(
    [weight] => 0
    [height] => 2
    [width] => 11
    [length] => 16
)

08-19-2017 @ 02:20:21 - Requesting Correios WebServices: http://ws.correios.com.br/calculador/CalcPrecoPrazo.aspx?nCdServico=04510&nCdEmpresa&sDsSenha&sCepDestino=71692100&sCepOrigem=71692100&nVlAltura=2&nVlLargura=11&nVlDiametro=0&nVlComprimento=16&nVlPeso=0&nCdFormato=1&sCdMaoPropria=N&nVlValorDeclarado=15&sCdAvisoRecebimento=N&StrRetorno=xml
08-19-2017 @ 02:20:22 - Correios WebServices response: SimpleXMLElement Object
(
    [cServico] => SimpleXMLElement Object
        (
            [Codigo] => 04510
            [Valor] => 0,00
            [PrazoEntrega] => 0
            [ValorSemAdicionais] => 0,00
            [ValorMaoPropria] => 0,00
            [ValorAvisoRecebimento] => 0,00
            [ValorValorDeclarado] => 0,00
            [EntregaDomiciliar] => SimpleXMLElement Object
                (
                )

            [EntregaSabado] => SimpleXMLElement Object
                (
                )

            [Erro] => -5
            [MsgErro] => O Valor Declarado nao deve ser menor que R$ 18,00.
        )

)

08-19-2017 @ 02:20:56 - Weight and cubage of the order: Array
(
    [weight] => 0
    [height] => 2
    [width] => 11
    [length] => 16
)

08-19-2017 @ 02:20:56 - Requesting Correios WebServices: http://ws.correios.com.br/calculador/CalcPrecoPrazo.aspx?nCdServico=04510&nCdEmpresa&sDsSenha&sCepDestino=71692100&sCepOrigem=71692100&nVlAltura=2&nVlLargura=11&nVlDiametro=0&nVlComprimento=16&nVlPeso=0&nCdFormato=1&sCdMaoPropria=N&nVlValorDeclarado=15&sCdAvisoRecebimento=N&StrRetorno=xml
08-19-2017 @ 02:20:56 - Correios WebServices response: SimpleXMLElement Object
(
    [cServico] => SimpleXMLElement Object
        (
            [Codigo] => 04510
            [Valor] => 0,00
            [PrazoEntrega] => 0
            [ValorSemAdicionais] => 0,00
            [ValorMaoPropria] => 0,00
            [ValorAvisoRecebimento] => 0,00
            [ValorValorDeclarado] => 0,00
            [EntregaDomiciliar] => SimpleXMLElement Object
                (
                )

            [EntregaSabado] => SimpleXMLElement Object
                (
                )

            [Erro] => -5
            [MsgErro] => O Valor Declarado nao deve ser menor que R$ 18,00.
        )

)

08-19-2017 @ 02:21:33 - Weight and cubage of the order: Array
(
    [weight] => 0
    [height] => 2
    [width] => 11
    [length] => 16
)

08-19-2017 @ 02:21:33 - Requesting Correios WebServices: http://ws.correios.com.br/calculador/CalcPrecoPrazo.aspx?nCdServico=04510&nCdEmpresa&sDsSenha&sCepDestino=71691&sCepOrigem=71692100&nVlAltura=2&nVlLargura=11&nVlDiametro=0&nVlComprimento=16&nVlPeso=0&nCdFormato=1&sCdMaoPropria=N&nVlValorDeclarado=15&sCdAvisoRecebimento=N&StrRetorno=xml
08-19-2017 @ 02:21:34 - Correios WebServices response: SimpleXMLElement Object
(
    [cServico] => SimpleXMLElement Object
        (
            [Codigo] => 04510
            [Valor] => 0,00
            [PrazoEntrega] => 0
            [ValorSemAdicionais] => 0,00
            [ValorMaoPropria] => 0,00
            [ValorAvisoRecebimento] => 0,00
            [ValorValorDeclarado] => 0,00
            [EntregaDomiciliar] => SimpleXMLElement Object
                (
                )

            [EntregaSabado] => SimpleXMLElement Object
                (
                )

            [Erro] => -3
            [MsgErro] => CEP de destino invalido.
        )

)

08-19-2017 @ 02:22:53 - Weight and cubage of the order: Array
(
    [weight] => 0
    [height] => 2
    [width] => 11
    [length] => 16
)

08-19-2017 @ 02:22:53 - Requesting Correios WebServices: http://ws.correios.com.br/calculador/CalcPrecoPrazo.aspx?nCdServico=04510&nCdEmpresa&sDsSenha&sCepDestino=71691&sCepOrigem=71692100&nVlAltura=2&nVlLargura=11&nVlDiametro=0&nVlComprimento=16&nVlPeso=0&nCdFormato=1&sCdMaoPropria=N&nVlValorDeclarado=15&sCdAvisoRecebimento=N&StrRetorno=xml
08-19-2017 @ 02:22:54 - Correios WebServices response: SimpleXMLElement Object
(
    [cServico] => SimpleXMLElement Object
        (
            [Codigo] => 04510
            [Valor] => 0,00
            [PrazoEntrega] => 0
            [ValorSemAdicionais] => 0,00
            [ValorMaoPropria] => 0,00
            [ValorAvisoRecebimento] => 0,00
            [ValorValorDeclarado] => 0,00
            [EntregaDomiciliar] => SimpleXMLElement Object
                (
                )

            [EntregaSabado] => SimpleXMLElement Object
                (
                )

            [Erro] => -3
            [MsgErro] => CEP de destino invalido.
        )

)

08-19-2017 @ 02:22:56 - Weight and cubage of the order: Array
(
    [weight] => 0
    [height] => 2
    [width] => 11
    [length] => 16
)

08-19-2017 @ 02:22:56 - Requesting Correios WebServices: http://ws.correios.com.br/calculador/CalcPrecoPrazo.aspx?nCdServico=04510&nCdEmpresa&sDsSenha&sCepDestino=71691&sCepOrigem=71692100&nVlAltura=2&nVlLargura=11&nVlDiametro=0&nVlComprimento=16&nVlPeso=0&nCdFormato=1&sCdMaoPropria=N&nVlValorDeclarado=15&sCdAvisoRecebimento=N&StrRetorno=xml
08-19-2017 @ 02:22:56 - Correios WebServices response: SimpleXMLElement Object
(
    [cServico] => SimpleXMLElement Object
        (
            [Codigo] => 04510
            [Valor] => 0,00
            [PrazoEntrega] => 0
            [ValorSemAdicionais] => 0,00
            [ValorMaoPropria] => 0,00
            [ValorAvisoRecebimento] => 0,00
            [ValorValorDeclarado] => 0,00
            [EntregaDomiciliar] => SimpleXMLElement Object
                (
                )

            [EntregaSabado] => SimpleXMLElement Object
                (
                )

            [Erro] => -3
            [MsgErro] => CEP de destino invalido.
        )

)

08-19-2017 @ 02:23:03 - Weight and cubage of the order: Array
(
    [weight] => 0
    [height] => 2
    [width] => 11
    [length] => 16
)

08-19-2017 @ 02:23:03 - Requesting Correios WebServices: http://ws.correios.com.br/calculador/CalcPrecoPrazo.aspx?nCdServico=04510&nCdEmpresa&sDsSenha&sCepDestino=71691&sCepOrigem=71692100&nVlAltura=2&nVlLargura=11&nVlDiametro=0&nVlComprimento=16&nVlPeso=0&nCdFormato=1&sCdMaoPropria=N&nVlValorDeclarado=15&sCdAvisoRecebimento=N&StrRetorno=xml
08-19-2017 @ 02:23:04 - Correios WebServices response: SimpleXMLElement Object
(
    [cServico] => SimpleXMLElement Object
        (
            [Codigo] => 04510
            [Valor] => 0,00
            [PrazoEntrega] => 0
            [ValorSemAdicionais] => 0,00
            [ValorMaoPropria] => 0,00
            [ValorAvisoRecebimento] => 0,00
            [ValorValorDeclarado] => 0,00
            [EntregaDomiciliar] => SimpleXMLElement Object
                (
                )

            [EntregaSabado] => SimpleXMLElement Object
                (
                )

            [Erro] => -3
            [MsgErro] => CEP de destino invalido.
        )

)

08-19-2017 @ 02:23:12 - Weight and cubage of the order: Array
(
    [weight] => 0
    [height] => 2
    [width] => 11
    [length] => 16
)

08-19-2017 @ 02:23:12 - Requesting Correios WebServices: http://ws.correios.com.br/calculador/CalcPrecoPrazo.aspx?nCdServico=04510&nCdEmpresa&sDsSenha&sCepDestino=7169&sCepOrigem=71692100&nVlAltura=2&nVlLargura=11&nVlDiametro=0&nVlComprimento=16&nVlPeso=0&nCdFormato=1&sCdMaoPropria=N&nVlValorDeclarado=15&sCdAvisoRecebimento=N&StrRetorno=xml
08-19-2017 @ 02:23:13 - Correios WebServices response: SimpleXMLElement Object
(
    [cServico] => SimpleXMLElement Object
        (
            [Codigo] => 04510
            [Valor] => 0,00
            [PrazoEntrega] => 0
            [ValorSemAdicionais] => 0,00
            [ValorMaoPropria] => 0,00
            [ValorAvisoRecebimento] => 0,00
            [ValorValorDeclarado] => 0,00
            [EntregaDomiciliar] => SimpleXMLElement Object
                (
                )

            [EntregaSabado] => SimpleXMLElement Object
                (
                )

            [Erro] => -3
            [MsgErro] => CEP de destino invalido.
        )

)

08-19-2017 @ 02:23:15 - Weight and cubage of the order: Array
(
    [weight] => 0
    [height] => 2
    [width] => 11
    [length] => 16
)

08-19-2017 @ 02:23:15 - Requesting Correios WebServices: http://ws.correios.com.br/calculador/CalcPrecoPrazo.aspx?nCdServico=04510&nCdEmpresa&sDsSenha&sCepDestino=71692100&sCepOrigem=71692100&nVlAltura=2&nVlLargura=11&nVlDiametro=0&nVlComprimento=16&nVlPeso=0&nCdFormato=1&sCdMaoPropria=N&nVlValorDeclarado=15&sCdAvisoRecebimento=N&StrRetorno=xml
08-19-2017 @ 02:23:15 - Correios WebServices response: SimpleXMLElement Object
(
    [cServico] => SimpleXMLElement Object
        (
            [Codigo] => 04510
            [Valor] => 0,00
            [PrazoEntrega] => 0
            [ValorSemAdicionais] => 0,00
            [ValorMaoPropria] => 0,00
            [ValorAvisoRecebimento] => 0,00
            [ValorValorDeclarado] => 0,00
            [EntregaDomiciliar] => SimpleXMLElement Object
                (
                )

            [EntregaSabado] => SimpleXMLElement Object
                (
                )

            [Erro] => -5
            [MsgErro] => O Valor Declarado nao deve ser menor que R$ 18,00.
        )

)

08-19-2017 @ 02:23:25 - Weight and cubage of the order: Array
(
    [weight] => 0
    [height] => 2
    [width] => 11
    [length] => 16
)

08-19-2017 @ 02:23:25 - Requesting Correios WebServices: http://ws.correios.com.br/calculador/CalcPrecoPrazo.aspx?nCdServico=04510&nCdEmpresa&sDsSenha&sCepDestino=71692100&sCepOrigem=71692100&nVlAltura=2&nVlLargura=11&nVlDiametro=0&nVlComprimento=16&nVlPeso=0&nCdFormato=1&sCdMaoPropria=N&nVlValorDeclarado=15&sCdAvisoRecebimento=N&StrRetorno=xml
08-19-2017 @ 02:23:26 - Correios WebServices response: SimpleXMLElement Object
(
    [cServico] => SimpleXMLElement Object
        (
            [Codigo] => 04510
            [Valor] => 0,00
            [PrazoEntrega] => 0
            [ValorSemAdicionais] => 0,00
            [ValorMaoPropria] => 0,00
            [ValorAvisoRecebimento] => 0,00
            [ValorValorDeclarado] => 0,00
            [EntregaDomiciliar] => SimpleXMLElement Object
                (
                )

            [EntregaSabado] => SimpleXMLElement Object
                (
                )

            [Erro] => -5
            [MsgErro] => O Valor Declarado nao deve ser menor que R$ 18,00.
        )

)

08-19-2017 @ 02:24:17 - Weight and cubage of the order: Array
(
    [weight] => 0
    [height] => 2
    [width] => 11
    [length] => 16
)

08-19-2017 @ 02:24:17 - Requesting Correios WebServices: http://ws.correios.com.br/calculador/CalcPrecoPrazo.aspx?nCdServico=04510&nCdEmpresa&sDsSenha&sCepDestino=74&sCepOrigem=71692100&nVlAltura=2&nVlLargura=11&nVlDiametro=0&nVlComprimento=16&nVlPeso=0&nCdFormato=1&sCdMaoPropria=N&nVlValorDeclarado=15&sCdAvisoRecebimento=N&StrRetorno=xml
08-19-2017 @ 02:24:17 - Correios WebServices response: SimpleXMLElement Object
(
    [cServico] => SimpleXMLElement Object
        (
            [Codigo] => 04510
            [Valor] => 0,00
            [PrazoEntrega] => 0
            [ValorSemAdicionais] => 0,00
            [ValorMaoPropria] => 0,00
            [ValorAvisoRecebimento] => 0,00
            [ValorValorDeclarado] => 0,00
            [EntregaDomiciliar] => SimpleXMLElement Object
                (
                )

            [EntregaSabado] => SimpleXMLElement Object
                (
                )

            [Erro] => -3
            [MsgErro] => CEP de destino invalido.
        )

)

08-19-2017 @ 02:24:19 - Weight and cubage of the order: Array
(
    [weight] => 0
    [height] => 2
    [width] => 11
    [length] => 16
)

08-19-2017 @ 02:24:19 - Requesting Correios WebServices: http://ws.correios.com.br/calculador/CalcPrecoPrazo.aspx?nCdServico=04510&nCdEmpresa&sDsSenha&sCepDestino=74150130&sCepOrigem=71692100&nVlAltura=2&nVlLargura=11&nVlDiametro=0&nVlComprimento=16&nVlPeso=0&nCdFormato=1&sCdMaoPropria=N&nVlValorDeclarado=15&sCdAvisoRecebimento=N&StrRetorno=xml
08-19-2017 @ 02:24:19 - Correios WebServices response: SimpleXMLElement Object
(
    [cServico] => SimpleXMLElement Object
        (
            [Codigo] => 04510
            [Valor] => 0,00
            [PrazoEntrega] => 0
            [ValorSemAdicionais] => 0,00
            [ValorMaoPropria] => 0,00
            [ValorAvisoRecebimento] => 0,00
            [ValorValorDeclarado] => 0,00
            [EntregaDomiciliar] => SimpleXMLElement Object
                (
                )

            [EntregaSabado] => SimpleXMLElement Object
                (
                )

            [Erro] => -5
            [MsgErro] => O Valor Declarado nao deve ser menor que R$ 18,00.
        )

)

08-19-2017 @ 02:24:27 - Weight and cubage of the order: Array
(
    [weight] => 0
    [height] => 2
    [width] => 11
    [length] => 16
)

08-19-2017 @ 02:24:27 - Requesting Correios WebServices: http://ws.correios.com.br/calculador/CalcPrecoPrazo.aspx?nCdServico=04510&nCdEmpresa&sDsSenha&sCepDestino=74150130&sCepOrigem=71692100&nVlAltura=2&nVlLargura=11&nVlDiametro=0&nVlComprimento=16&nVlPeso=0&nCdFormato=1&sCdMaoPropria=N&nVlValorDeclarado=15&sCdAvisoRecebimento=N&StrRetorno=xml
08-19-2017 @ 02:24:28 - Correios WebServices response: SimpleXMLElement Object
(
    [cServico] => SimpleXMLElement Object
        (
            [Codigo] => 04510
            [Valor] => 0,00
            [PrazoEntrega] => 0
            [ValorSemAdicionais] => 0,00
            [ValorMaoPropria] => 0,00
            [ValorAvisoRecebimento] => 0,00
            [ValorValorDeclarado] => 0,00
            [EntregaDomiciliar] => SimpleXMLElement Object
                (
                )

            [EntregaSabado] => SimpleXMLElement Object
                (
                )

            [Erro] => -5
            [MsgErro] => O Valor Declarado nao deve ser menor que R$ 18,00.
        )

)

08-19-2017 @ 02:25:12 - Weight and cubage of the order: Array
(
    [weight] => 0
    [height] => 2
    [width] => 11
    [length] => 16
)

08-19-2017 @ 02:25:12 - Requesting Correios WebServices: http://ws.correios.com.br/calculador/CalcPrecoPrazo.aspx?nCdServico=04510&nCdEmpresa&sDsSenha&sCepDestino=25070360&sCepOrigem=71692100&nVlAltura=2&nVlLargura=11&nVlDiametro=0&nVlComprimento=16&nVlPeso=0&nCdFormato=1&sCdMaoPropria=N&nVlValorDeclarado=15&sCdAvisoRecebimento=N&StrRetorno=xml
08-19-2017 @ 02:25:13 - Correios WebServices response: SimpleXMLElement Object
(
    [cServico] => SimpleXMLElement Object
        (
            [Codigo] => 04510
            [Valor] => 0,00
            [PrazoEntrega] => 0
            [ValorSemAdicionais] => 0,00
            [ValorMaoPropria] => 0,00
            [ValorAvisoRecebimento] => 0,00
            [ValorValorDeclarado] => 0,00
            [EntregaDomiciliar] => SimpleXMLElement Object
                (
                )

            [EntregaSabado] => SimpleXMLElement Object
                (
                )

            [Erro] => -5
            [MsgErro] => O Valor Declarado nao deve ser menor que R$ 18,00.
        )

)

08-19-2017 @ 02:25:17 - Weight and cubage of the order: Array
(
    [weight] => 0
    [height] => 2
    [width] => 11
    [length] => 16
)

08-19-2017 @ 02:25:17 - Requesting Correios WebServices: http://ws.correios.com.br/calculador/CalcPrecoPrazo.aspx?nCdServico=04510&nCdEmpresa&sDsSenha&sCepDestino=25070360&sCepOrigem=71692100&nVlAltura=2&nVlLargura=11&nVlDiametro=0&nVlComprimento=16&nVlPeso=0&nCdFormato=1&sCdMaoPropria=N&nVlValorDeclarado=15&sCdAvisoRecebimento=N&StrRetorno=xml
08-19-2017 @ 02:25:18 - Correios WebServices response: SimpleXMLElement Object
(
    [cServico] => SimpleXMLElement Object
        (
            [Codigo] => 04510
            [Valor] => 0,00
            [PrazoEntrega] => 0
            [ValorSemAdicionais] => 0,00
            [ValorMaoPropria] => 0,00
            [ValorAvisoRecebimento] => 0,00
            [ValorValorDeclarado] => 0,00
            [EntregaDomiciliar] => SimpleXMLElement Object
                (
                )

            [EntregaSabado] => SimpleXMLElement Object
                (
                )

            [Erro] => -5
            [MsgErro] => O Valor Declarado nao deve ser menor que R$ 18,00.
        )

)

08-19-2017 @ 02:26:41 - Weight and cubage of the order: Array
(
    [weight] => 0
    [height] => 2
    [width] => 11
    [length] => 16
)

08-19-2017 @ 02:26:41 - Requesting Correios WebServices: http://ws.correios.com.br/calculador/CalcPrecoPrazo.aspx?nCdServico=04510&nCdEmpresa&sDsSenha&sCepDestino=25070360&sCepOrigem=71692100&nVlAltura=2&nVlLargura=11&nVlDiametro=0&nVlComprimento=16&nVlPeso=0&nCdFormato=1&sCdMaoPropria=N&nVlValorDeclarado=15&sCdAvisoRecebimento=N&StrRetorno=xml
08-19-2017 @ 02:26:41 - Correios WebServices response: SimpleXMLElement Object
(
    [cServico] => SimpleXMLElement Object
        (
            [Codigo] => 04510
            [Valor] => 0,00
            [PrazoEntrega] => 0
            [ValorSemAdicionais] => 0,00
            [ValorMaoPropria] => 0,00
            [ValorAvisoRecebimento] => 0,00
            [ValorValorDeclarado] => 0,00
            [EntregaDomiciliar] => SimpleXMLElement Object
                (
                )

            [EntregaSabado] => SimpleXMLElement Object
                (
                )

            [Erro] => -5
            [MsgErro] => O Valor Declarado nao deve ser menor que R$ 18,00.
        )

)

08-19-2017 @ 02:26:45 - Weight and cubage of the order: Array
(
    [weight] => 0
    [height] => 2
    [width] => 11
    [length] => 16
)

08-19-2017 @ 02:26:45 - Requesting Correios WebServices: http://ws.correios.com.br/calculador/CalcPrecoPrazo.aspx?nCdServico=04510&nCdEmpresa&sDsSenha&sCepDestino=25070360&sCepOrigem=71692100&nVlAltura=2&nVlLargura=11&nVlDiametro=0&nVlComprimento=16&nVlPeso=0&nCdFormato=1&sCdMaoPropria=N&nVlValorDeclarado=15&sCdAvisoRecebimento=N&StrRetorno=xml
08-19-2017 @ 02:26:45 - Correios WebServices response: SimpleXMLElement Object
(
    [cServico] => SimpleXMLElement Object
        (
            [Codigo] => 04510
            [Valor] => 0,00
            [PrazoEntrega] => 0
            [ValorSemAdicionais] => 0,00
            [ValorMaoPropria] => 0,00
            [ValorAvisoRecebimento] => 0,00
            [ValorValorDeclarado] => 0,00
            [EntregaDomiciliar] => SimpleXMLElement Object
                (
                )

            [EntregaSabado] => SimpleXMLElement Object
                (
                )

            [Erro] => -5
            [MsgErro] => O Valor Declarado nao deve ser menor que R$ 18,00.
        )

)

08-19-2017 @ 02:28:58 - Weight and cubage of the order: Array
(
    [weight] => 0
    [height] => 2
    [width] => 11
    [length] => 16
)

08-19-2017 @ 02:28:58 - Requesting Correios WebServices: http://ws.correios.com.br/calculador/CalcPrecoPrazo.aspx?nCdServico=04510&nCdEmpresa&sDsSenha&sCepDestino=25070360&sCepOrigem=71692060&nVlAltura=2&nVlLargura=11&nVlDiametro=0&nVlComprimento=16&nVlPeso=0&nCdFormato=1&sCdMaoPropria=N&nVlValorDeclarado=15&sCdAvisoRecebimento=N&StrRetorno=xml
08-19-2017 @ 02:28:58 - Correios WebServices response: SimpleXMLElement Object
(
    [cServico] => SimpleXMLElement Object
        (
            [Codigo] => 04510
            [Valor] => 0,00
            [PrazoEntrega] => 0
            [ValorSemAdicionais] => 0,00
            [ValorMaoPropria] => 0,00
            [ValorAvisoRecebimento] => 0,00
            [ValorValorDeclarado] => 0,00
            [EntregaDomiciliar] => SimpleXMLElement Object
                (
                )

            [EntregaSabado] => SimpleXMLElement Object
                (
                )

            [Erro] => -5
            [MsgErro] => O Valor Declarado nao deve ser menor que R$ 18,00.
        )

)

08-19-2017 @ 02:29:00 - Weight and cubage of the order: Array
(
    [weight] => 0
    [height] => 2
    [width] => 11
    [length] => 16
)

08-19-2017 @ 02:29:00 - Requesting Correios WebServices: http://ws.correios.com.br/calculador/CalcPrecoPrazo.aspx?nCdServico=04510&nCdEmpresa&sDsSenha&sCepDestino=25070360&sCepOrigem=71692060&nVlAltura=2&nVlLargura=11&nVlDiametro=0&nVlComprimento=16&nVlPeso=0&nCdFormato=1&sCdMaoPropria=N&nVlValorDeclarado=15&sCdAvisoRecebimento=N&StrRetorno=xml
08-19-2017 @ 02:29:01 - Correios WebServices response: SimpleXMLElement Object
(
    [cServico] => SimpleXMLElement Object
        (
            [Codigo] => 04510
            [Valor] => 0,00
            [PrazoEntrega] => 0
            [ValorSemAdicionais] => 0,00
            [ValorMaoPropria] => 0,00
            [ValorAvisoRecebimento] => 0,00
            [ValorValorDeclarado] => 0,00
            [EntregaDomiciliar] => SimpleXMLElement Object
                (
                )

            [EntregaSabado] => SimpleXMLElement Object
                (
                )

            [Erro] => -5
            [MsgErro] => O Valor Declarado nao deve ser menor que R$ 18,00.
        )

)

08-19-2017 @ 02:37:35 - Weight and cubage of the order: Array
(
    [weight] => 0
    [height] => 2
    [width] => 11
    [length] => 16
)

08-19-2017 @ 02:37:35 - Requesting Correios WebServices: http://ws.correios.com.br/calculador/CalcPrecoPrazo.aspx?nCdServico=04510&nCdEmpresa&sDsSenha&sCepDestino=25070360&sCepOrigem=71692060&nVlAltura=2&nVlLargura=11&nVlDiametro=0&nVlComprimento=16&nVlPeso=0&nCdFormato=1&sCdMaoPropria=N&nVlValorDeclarado=15&sCdAvisoRecebimento=N&StrRetorno=xml
08-19-2017 @ 02:37:35 - Correios WebServices response: SimpleXMLElement Object
(
    [cServico] => SimpleXMLElement Object
        (
            [Codigo] => 04510
            [Valor] => 0,00
            [PrazoEntrega] => 0
            [ValorSemAdicionais] => 0,00
            [ValorMaoPropria] => 0,00
            [ValorAvisoRecebimento] => 0,00
            [ValorValorDeclarado] => 0,00
            [EntregaDomiciliar] => SimpleXMLElement Object
                (
                )

            [EntregaSabado] => SimpleXMLElement Object
                (
                )

            [Erro] => -5
            [MsgErro] => O Valor Declarado nao deve ser menor que R$ 18,00.
        )

)

08-19-2017 @ 02:37:37 - Weight and cubage of the order: Array
(
    [weight] => 0
    [height] => 2
    [width] => 11
    [length] => 16
)

08-19-2017 @ 02:37:37 - Requesting Correios WebServices: http://ws.correios.com.br/calculador/CalcPrecoPrazo.aspx?nCdServico=04510&nCdEmpresa&sDsSenha&sCepDestino=25070360&sCepOrigem=71692060&nVlAltura=2&nVlLargura=11&nVlDiametro=0&nVlComprimento=16&nVlPeso=0&nCdFormato=1&sCdMaoPropria=N&nVlValorDeclarado=15&sCdAvisoRecebimento=N&StrRetorno=xml
08-19-2017 @ 02:37:38 - Correios WebServices response: SimpleXMLElement Object
(
    [cServico] => SimpleXMLElement Object
        (
            [Codigo] => 04510
            [Valor] => 0,00
            [PrazoEntrega] => 0
            [ValorSemAdicionais] => 0,00
            [ValorMaoPropria] => 0,00
            [ValorAvisoRecebimento] => 0,00
            [ValorValorDeclarado] => 0,00
            [EntregaDomiciliar] => SimpleXMLElement Object
                (
                )

            [EntregaSabado] => SimpleXMLElement Object
                (
                )

            [Erro] => -5
            [MsgErro] => O Valor Declarado nao deve ser menor que R$ 18,00.
        )

)

08-21-2017 @ 03:55:05 - Weight and cubage of the order: Array
(
    [weight] => 0
    [height] => 2
    [width] => 11
    [length] => 16
)

08-21-2017 @ 03:55:05 - Requesting Correios WebServices: http://ws.correios.com.br/calculador/CalcPrecoPrazo.aspx?nCdServico=04510&nCdEmpresa&sDsSenha&sCepDestino=71692100&sCepOrigem=71692060&nVlAltura=2&nVlLargura=11&nVlDiametro=0&nVlComprimento=16&nVlPeso=0&nCdFormato=1&sCdMaoPropria=N&nVlValorDeclarado=16&sCdAvisoRecebimento=N&StrRetorno=xml
08-21-2017 @ 03:55:05 - Correios WebServices response: SimpleXMLElement Object
(
    [cServico] => SimpleXMLElement Object
        (
            [Codigo] => 04510
            [Valor] => 0,00
            [PrazoEntrega] => 0
            [ValorSemAdicionais] => 0,00
            [ValorMaoPropria] => 0,00
            [ValorAvisoRecebimento] => 0,00
            [ValorValorDeclarado] => 0,00
            [EntregaDomiciliar] => SimpleXMLElement Object
                (
                )

            [EntregaSabado] => SimpleXMLElement Object
                (
                )

            [Erro] => -5
            [MsgErro] => O Valor Declarado nao deve ser menor que R$ 18,00.
        )

)

08-21-2017 @ 03:55:06 - Weight and cubage of the order: Array
(
    [weight] => 0
    [height] => 2
    [width] => 11
    [length] => 16
)

08-21-2017 @ 03:55:06 - Requesting Correios WebServices: http://ws.correios.com.br/calculador/CalcPrecoPrazo.aspx?nCdServico=04510&nCdEmpresa&sDsSenha&sCepDestino=71692100&sCepOrigem=71692060&nVlAltura=2&nVlLargura=11&nVlDiametro=0&nVlComprimento=16&nVlPeso=0&nCdFormato=1&sCdMaoPropria=N&nVlValorDeclarado=16&sCdAvisoRecebimento=N&StrRetorno=xml
08-21-2017 @ 03:55:06 - Correios WebServices response: SimpleXMLElement Object
(
    [cServico] => SimpleXMLElement Object
        (
            [Codigo] => 04510
            [Valor] => 0,00
            [PrazoEntrega] => 0
            [ValorSemAdicionais] => 0,00
            [ValorMaoPropria] => 0,00
            [ValorAvisoRecebimento] => 0,00
            [ValorValorDeclarado] => 0,00
            [EntregaDomiciliar] => SimpleXMLElement Object
                (
                )

            [EntregaSabado] => SimpleXMLElement Object
                (
                )

            [Erro] => -5
            [MsgErro] => O Valor Declarado nao deve ser menor que R$ 18,00.
        )

)

08-21-2017 @ 03:55:38 - Weight and cubage of the order: Array
(
    [weight] => 0
    [height] => 2
    [width] => 11
    [length] => 16
)

08-21-2017 @ 03:55:38 - Requesting Correios WebServices: http://ws.correios.com.br/calculador/CalcPrecoPrazo.aspx?nCdServico=04510&nCdEmpresa&sDsSenha&sCepDestino=71692100&sCepOrigem=71692060&nVlAltura=2&nVlLargura=11&nVlDiametro=0&nVlComprimento=16&nVlPeso=0&nCdFormato=1&sCdMaoPropria=N&nVlValorDeclarado=16&sCdAvisoRecebimento=N&StrRetorno=xml
08-21-2017 @ 03:55:38 - Correios WebServices response: SimpleXMLElement Object
(
    [cServico] => SimpleXMLElement Object
        (
            [Codigo] => 04510
            [Valor] => 0,00
            [PrazoEntrega] => 0
            [ValorSemAdicionais] => 0,00
            [ValorMaoPropria] => 0,00
            [ValorAvisoRecebimento] => 0,00
            [ValorValorDeclarado] => 0,00
            [EntregaDomiciliar] => SimpleXMLElement Object
                (
                )

            [EntregaSabado] => SimpleXMLElement Object
                (
                )

            [Erro] => -5
            [MsgErro] => O Valor Declarado nao deve ser menor que R$ 18,00.
        )

)

08-21-2017 @ 03:55:45 - Weight and cubage of the order: Array
(
    [weight] => 0
    [height] => 2
    [width] => 11
    [length] => 16
)

08-21-2017 @ 03:55:45 - Requesting Correios WebServices: http://ws.correios.com.br/calculador/CalcPrecoPrazo.aspx?nCdServico=04510&nCdEmpresa&sDsSenha&sCepDestino=71692100&sCepOrigem=71692060&nVlAltura=2&nVlLargura=11&nVlDiametro=0&nVlComprimento=16&nVlPeso=0&nCdFormato=1&sCdMaoPropria=N&nVlValorDeclarado=16&sCdAvisoRecebimento=N&StrRetorno=xml
08-21-2017 @ 03:55:46 - Correios WebServices response: SimpleXMLElement Object
(
    [cServico] => SimpleXMLElement Object
        (
            [Codigo] => 04510
            [Valor] => 0,00
            [PrazoEntrega] => 0
            [ValorSemAdicionais] => 0,00
            [ValorMaoPropria] => 0,00
            [ValorAvisoRecebimento] => 0,00
            [ValorValorDeclarado] => 0,00
            [EntregaDomiciliar] => SimpleXMLElement Object
                (
                )

            [EntregaSabado] => SimpleXMLElement Object
                (
                )

            [Erro] => -5
            [MsgErro] => O Valor Declarado nao deve ser menor que R$ 18,00.
        )

)

08-23-2017 @ 02:27:20 - Weight and cubage of the order: Array
(
    [weight] => 0
    [height] => 2
    [width] => 11
    [length] => 16
)

08-23-2017 @ 02:27:20 - Requesting Correios WebServices: http://ws.correios.com.br/calculador/CalcPrecoPrazo.aspx?nCdServico=04510&nCdEmpresa&sDsSenha&sCepDestino=71692100&sCepOrigem=71692060&nVlAltura=2&nVlLargura=11&nVlDiametro=0&nVlComprimento=16&nVlPeso=0&nCdFormato=1&sCdMaoPropria=N&nVlValorDeclarado=16&sCdAvisoRecebimento=N&StrRetorno=xml
08-23-2017 @ 02:27:21 - Correios WebServices response: SimpleXMLElement Object
(
    [cServico] => SimpleXMLElement Object
        (
            [Codigo] => 04510
            [Valor] => 0,00
            [PrazoEntrega] => 0
            [ValorSemAdicionais] => 0,00
            [ValorMaoPropria] => 0,00
            [ValorAvisoRecebimento] => 0,00
            [ValorValorDeclarado] => 0,00
            [EntregaDomiciliar] => SimpleXMLElement Object
                (
                )

            [EntregaSabado] => SimpleXMLElement Object
                (
                )

            [Erro] => -5
            [MsgErro] => O Valor Declarado nao deve ser menor que R$ 18,00.
        )

)

